<?xml version="1.0" encoding="UTF-8" ?>
<testsuite failures="0" time="0.2" errors="0" skipped="0" tests="2" name="org.sourcepit.common.constraints.MethodAspectsTest">
  <properties>
    <property name="java.runtime.name" value="Java(TM) SE Runtime Environment"/>
    <property name="sun.boot.library.path" value="D:\bin\java\jdk1.6.0_21\jre\bin"/>
    <property name="java.vm.version" value="17.0-b17"/>
    <property name="java.vm.vendor" value="Sun Microsystems Inc."/>
    <property name="java.vendor.url" value="http://java.sun.com/"/>
    <property name="path.separator" value=";"/>
    <property name="guice.disable.misplaced.annotation.check" value="true"/>
    <property name="java.vm.name" value="Java HotSpot(TM) 64-Bit Server VM"/>
    <property name="file.encoding.pkg" value="sun.io"/>
    <property name="user.country" value="DE"/>
    <property name="sun.java.launcher" value="SUN_STANDARD"/>
    <property name="sun.os.patch.level" value="Service Pack 1"/>
    <property name="java.vm.specification.name" value="Java Virtual Machine Specification"/>
    <property name="user.dir" value="D:\src\srcpit\ws\common-constraints"/>
    <property name="java.runtime.version" value="1.6.0_21-b07"/>
    <property name="java.awt.graphicsenv" value="sun.awt.Win32GraphicsEnvironment"/>
    <property name="java.endorsed.dirs" value="D:\bin\java\jdk1.6.0_21\jre\lib\endorsed"/>
    <property name="os.arch" value="amd64"/>
    <property name="java.io.tmpdir" value="C:\Users\imm0136\AppData\Local\Temp\"/>
    <property name="line.separator" value="
"/>
    <property name="java.vm.specification.vendor" value="Sun Microsystems Inc."/>
    <property name="user.variant" value=""/>
    <property name="os.name" value="Windows 7"/>
    <property name="classworlds.conf" value="D:\src\srcpit\ws\.metadata\.plugins\org.eclipse.m2e.core\launches\m2conf8392191969205104316.tmp"/>
    <property name="sun.jnu.encoding" value="Cp1252"/>
    <property name="java.library.path" value="D:\bin\java\jdk1.6.0_21\bin;.;C:\Windows\Sun\Java\bin;C:\Windows\system32;C:\Windows;D:/bin/java/jdk1.6.0_21/bin/../jre/bin/server;D:/bin/java/jdk1.6.0_21/bin/../jre/bin;D:/bin/java/jdk1.6.0_21/bin/../jre/lib/amd64;C:\Windows\system32;C:\Windows;C:\Windows\System32\Wbem;C:\Windows\System32\WindowsPowerShell\v1.0\;C:\Program Files (x86)\TortoiseSVN\bin;C:\Program Files\TortoiseSVN\bin;C:\Program Files (x86)\Subversion\bin;C:\Program Files (x86)\Git\cmd;C:\Program Files\TortoiseGit\bin;D:\bin\ant\apache-ant-1.8.2\bin;D:\bin\java\jdk1.6.0_21\bin;D:\bin\maven\apache-maven-3.0.3\bin;D:\bin\eclipse\eclipse-SDK-3.7.1-win32-x86_64;"/>
    <property name="java.specification.name" value="Java Platform API Specification"/>
    <property name="java.class.version" value="50.0"/>
    <property name="sun.management.compiler" value="HotSpot 64-Bit Server Compiler"/>
    <property name="os.version" value="6.1"/>
    <property name="user.home" value="C:\Users\imm0136"/>
    <property name="user.timezone" value="Europe/Berlin"/>
    <property name="java.awt.printerjob" value="sun.awt.windows.WPrinterJob"/>
    <property name="file.encoding" value="Cp1252"/>
    <property name="java.specification.version" value="1.6"/>
    <property name="user.name" value="imm0136"/>
    <property name="java.class.path" value="/D:/bin/eclipse/eclipse-SDK-3.7.1-win32-x86_64/plugins/org.eclipse.m2e.maven.runtime_1.0.1.201106291304/jars/plexus-classworlds-2.4.jar"/>
    <property name="java.vm.specification.version" value="1.0"/>
    <property name="sun.arch.data.model" value="64"/>
    <property name="java.home" value="D:\bin\java\jdk1.6.0_21\jre"/>
    <property name="java.specification.vendor" value="Sun Microsystems Inc."/>
    <property name="user.language" value="de"/>
    <property name="awt.toolkit" value="sun.awt.windows.WToolkit"/>
    <property name="java.vm.info" value="mixed mode"/>
    <property name="java.version" value="1.6.0_21"/>
    <property name="java.ext.dirs" value="D:\bin\java\jdk1.6.0_21\jre\lib\ext;C:\Windows\Sun\Java\lib\ext"/>
    <property name="sun.boot.class.path" value="D:\bin\java\jdk1.6.0_21\jre\lib\resources.jar;D:\bin\java\jdk1.6.0_21\jre\lib\rt.jar;D:\bin\java\jdk1.6.0_21\jre\lib\sunrsasign.jar;D:\bin\java\jdk1.6.0_21\jre\lib\jsse.jar;D:\bin\java\jdk1.6.0_21\jre\lib\jce.jar;D:\bin\java\jdk1.6.0_21\jre\lib\charsets.jar;D:\bin\java\jdk1.6.0_21\jre\classes"/>
    <property name="java.vendor" value="Sun Microsystems Inc."/>
    <property name="maven.home" value="D:\src\srcpit\ws\common-constraints\EMBEDDED"/>
    <property name="file.separator" value="\"/>
    <property name="java.vendor.url.bug" value="http://java.sun.com/cgi-bin/bugreport.cgi"/>
    <property name="sun.cpu.endian" value="little"/>
    <property name="sun.io.unicode.encoding" value="UnicodeLittle"/>
    <property name="sun.desktop" value="windows"/>
    <property name="sun.cpu.isalist" value="amd64"/>
  </properties>
  <testcase time="0.127" classname="org.sourcepit.common.constraints.MethodAspectsTest" name="testConstraintedMethodArgs"/>
  <testcase time="0" classname="org.sourcepit.common.constraints.MethodAspectsTest" name="testConstraintedMethodReturnValue"/>
</testsuite>